<?xml version="1.0" encoding="UTF-8"?>
<!-- Generated by org.testng.reporters.JUnitReportReporter -->
<testsuite hostname="HP" failures="0" tests="1" name="Test.LoginToFilpkart" time="0.050" errors="0" timestamp="25 Apr 2019 04:18:58 GMT">
  <testcase classname="Test.LoginToFilpkart" name="LoninToFlipkart" time="0.050"/>
</testsuite> <!-- Test.LoginToFilpkart -->
